
h /Users/antoni.xu/faye/scripts/slow.sh 127.0.0.1
[1m[7m%[m[1m[0m                                                                                [0m[m[m[Jantoni.xu@BA-00018679 ~ % [K[?2004httagName=1234 sh pr//Users/antoni.xu/faye/scripts/slow. [Kssh[?2004l
01
/Users/antoni.xu/faye/scripts/slow.sh: line 1: /root/docker/slow.txt: No such file or directory
02
/Users/antoni.xu/faye/scripts/slow.sh: line 2: /root/docker/slow.txt: No such file or directory
03
/Users/antoni.xu/faye/scripts/slow.sh: line 3: /root/docker/slow.txt: No such file or directory
04
/Users/antoni.xu/faye/scripts/slow.sh: line 4: /root/docker/slow.txt: No such file or directory
05
/Users/antoni.xu/faye/scripts/slow.sh: line 5: /root/docker/slow.txt: No such file or directory
06
/Users/antoni.xu/faye/scripts/slow.sh: line 6: /root/docker/slow.txt: No such file or directory
07
/Users/antoni.xu/faye/scripts/slow.sh: line 7: /root/docker/slow.txt: No such file or directory
08
/Users/antoni.xu/faye/scripts/slow.sh: line 8: /root/docker/slow.txt: No such file or directory
09
/Users/antoni.xu/faye/scripts/slow.sh: line 9: /root/docker/slow.txt: No such file or directory
/Users/antoni.xu/faye/scripts/slow.sh: line 10: /root/docker/slow.txt: No such file or directory
10
11
/Users/antoni.xu/faye/scripts/slow.sh: line 11: /root/docker/slow.txt: No such file or directory
12
/Users/antoni.xu/faye/scripts/slow.sh: line 12: /root/docker/slow.txt: No such file or directory
13
/Users/antoni.xu/faye/scripts/slow.sh: line 13: /root/docker/slow.txt: No such file or directory
14
/Users/antoni.xu/faye/scripts/slow.sh: line 14: /root/docker/slow.txt: No such file or directory
15
/Users/antoni.xu/faye/scripts/slow.sh: line 15: /root/docker/slow.txt: No such file or directory
16
/Users/antoni.xu/faye/scripts/slow.sh: line 16: /root/docker/slow.txt: No such file or directory
17
/Users/antoni.xu/faye/scripts/slow.sh: line 17: /root/docker/slow.txt: No such file or directory
18
/Users/antoni.xu/faye/scripts/slow.sh: line 18: /root/docker/slow.txt: No such file or directory
19
/Users/antoni.xu/faye/scripts/slow.sh: line 19: /root/docker/slow.txt: No such file or directory
20
/Users/antoni.xu/faye/scripts/slow.sh: line 20: /root/docker/slow.txt: No such file or directory
21
/Users/antoni.xu/faye/scripts/slow.sh: line 21: /root/docker/slow.txt: No such file or directory
21
/Users/antoni.xu/faye/scripts/slow.sh: line 22: /root/docker/slow.txt: No such file or directory
22
/Users/antoni.xu/faye/scripts/slow.sh: line 23: /root/docker/slow.txt: No such file or directory
23
/Users/antoni.xu/faye/scripts/slow.sh: line 24: /root/docker/slow.txt: No such file or directory
24
/Users/antoni.xu/faye/scripts/slow.sh: line 25: /root/docker/slow.txt: No such file or directory
25
/Users/antoni.xu/faye/scripts/slow.sh: line 26: /root/docker/slow.txt: No such file or directory
26
/Users/antoni.xu/faye/scripts/slow.sh: line 27: /root/docker/slow.txt: No such file or directory
27
/Users/antoni.xu/faye/scripts/slow.sh: line 28: /root/docker/slow.txt: No such file or directory
28
/Users/antoni.xu/faye/scripts/slow.sh: line 29: /root/docker/slow.txt: No such file or directory
29
/Users/antoni.xu/faye/scripts/slow.sh: line 30: /root/docker/slow.txt: No such file or directory
30
/Users/antoni.xu/faye/scripts/slow.sh: line 31: /root/docker/slow.txt: No such file or directory
31
/Users/antoni.xu/faye/scripts/slow.sh: line 32: /root/docker/slow.txt: No such file or directory
32
/Users/antoni.xu/faye/scripts/slow.sh: line 33: /root/docker/slow.txt: No such file or directory
33
/Users/antoni.xu/faye/scripts/slow.sh: line 34: /root/docker/slow.txt: No such file or directory
34
/Users/antoni.xu/faye/scripts/slow.sh: line 35: /root/docker/slow.txt: No such file or directory
35
/Users/antoni.xu/faye/scripts/slow.sh: line 36: /root/docker/slow.txt: No such file or directory
36
/Users/antoni.xu/faye/scripts/slow.sh: line 37: /root/docker/slow.txt: No such file or directory
/Users/antoni.xu/faye/scripts/slow.sh: line 38: /root/docker/slow.txt: No such file or directory
37
38
/Users/antoni.xu/faye/scripts/slow.sh: line 39: /root/docker/slow.txt: No such file or directory
39
/Users/antoni.xu/faye/scripts/slow.sh: line 40: /root/docker/slow.txt: No such file or directory
40
/Users/antoni.xu/faye/scripts/slow.sh: line 41: /root/docker/slow.txt: No such file or directory
[1m[7m%[m[1m[0m                                                                                [K[0m[m[m[Jantoni.xu@BA-00018679 ~ % [?2004h